<?xml version="1.0" encoding="UTF-8"?>
<!-- Generated by org.testng.reporters.JUnitReportReporter -->
<testsuite hostname="DESKTOP-8FBE58M" name="com.xx.test.LoginTest" tests="1" failures="0" timestamp="15 Sep 2020 01:47:10 GMT" time="11.173" errors="0">
  <testcase name="login" time="11.173" classname="com.xx.test.LoginTest"/>
</testsuite> <!-- com.xx.test.LoginTest -->
