<?xml version="1.0" encoding="UTF-8"?>
<!-- Generated by org.testng.reporters.JUnitReportReporter -->
<testsuite hostname="DESKTOP-8FBE58M" name="com.sis.tbms.test.SendTelTest" tests="1" failures="0" timestamp="20 Aug 2019 03:13:05 GMT" time="15.489" errors="0">
  <testcase name="send_telegram" time="15.489" classname="com.sis.tbms.test.SendTelTest"/>
</testsuite> <!-- com.sis.tbms.test.SendTelTest -->
