<?xml version="1.0" encoding="UTF-8"?>
<!-- Generated by org.testng.reporters.JUnitReportReporter -->
<testsuite hostname="DESKTOP-8FBE58M" name="com.sis.tbms.test.LoginTest" tests="1" failures="0" timestamp="14 Sep 2020 08:51:55 GMT" time="11.194" errors="0">
  <testcase name="login" time="11.194" classname="com.sis.tbms.test.LoginTest"/>
</testsuite> <!-- com.sis.tbms.test.LoginTest -->
